<?xml version="1.0" encoding="UTF-8"?>
<testsuite name="com.empiezo.empiezo.service.UserServiceTest" tests="3" skipped="0" failures="2" errors="0" timestamp="2023-09-21T01:17:41" hostname="gomul2hogi.local" time="0.508">
  <properties/>
  <testcase name="회원 단건 조회 테스트" classname="com.empiezo.empiezo.service.UserServiceTest" time="0.354">
    <failure message="org.opentest4j.AssertionFailedError: expected: &lt;1&gt; but was: &lt;2&gt;" type="org.opentest4j.AssertionFailedError">org.opentest4j.AssertionFailedError: expected: &lt;1&gt; but was: &lt;2&gt;
	at app//org.junit.jupiter.api.AssertionFailureBuilder.build(AssertionFailureBuilder.java:151)
	at app//org.junit.jupiter.api.AssertionFailureBuilder.buildAndThrow(AssertionFailureBuilder.java:132)
	at app//org.junit.jupiter.api.AssertEquals.failNotEqual(AssertEquals.java:197)
	at app//org.junit.jupiter.api.AssertEquals.assertEquals(AssertEquals.java:166)
	at app//org.junit.jupiter.api.AssertEquals.assertEquals(AssertEquals.java:161)
	at app//org.junit.jupiter.api.Assertions.assertEquals(Assertions.java:629)
	at app//com.empiezo.empiezo.service.UserServiceTest.memberGetTest(UserServiceTest.java:75)
	at java.base@17.0.6/jdk.internal.reflect.NativeMethodAccessorImpl.invoke0(Native Method)
	at java.base@17.0.6/jdk.internal.reflect.NativeMethodAccessorImpl.invoke(NativeMethodAccessorImpl.java:77)
	at java.base@17.0.6/jdk.internal.reflect.DelegatingMethodAccessorImpl.invoke(DelegatingMethodAccessorImpl.java:43)
	at java.base@17.0.6/java.lang.reflect.Method.invoke(Method.java:568)
	at app//org.junit.platform.commons.util.ReflectionUtils.invokeMethod(ReflectionUtils.java:727)
	at app//org.junit.jupiter.engine.execution.MethodInvocation.proceed(MethodInvocation.java:60)
	at app//org.junit.jupiter.engine.execution.InvocationInterceptorChain$ValidatingInvocation.proceed(InvocationInterceptorChain.java:131)
	at app//org.junit.jupiter.engine.extension.TimeoutExtension.intercept(TimeoutExtension.java:156)
	at app//org.junit.jupiter.engine.extension.TimeoutExtension.interceptTestableMethod(TimeoutExtension.java:147)
	at app//org.junit.jupiter.engine.extension.TimeoutExtension.interceptTestMethod(TimeoutExtension.java:86)
	at app//org.junit.jupiter.engine.execution.InterceptingExecutableInvoker$ReflectiveInterceptorCall.lambda$ofVoidMethod$0(InterceptingExecutableInvoker.java:103)
	at app//org.junit.jupiter.engine.execution.InterceptingExecutableInvoker.lambda$invoke$0(InterceptingExecutableInvoker.java:93)
	at app//org.junit.jupiter.engine.execution.InvocationInterceptorChain$InterceptedInvocation.proceed(InvocationInterceptorChain.java:106)
	at app//org.junit.jupiter.engine.execution.InvocationInterceptorChain.proceed(InvocationInterceptorChain.java:64)
	at app//org.junit.jupiter.engine.execution.InvocationInterceptorChain.chainAndInvoke(InvocationInterceptorChain.java:45)
	at app//org.junit.jupiter.engine.execution.InvocationInterceptorChain.invoke(InvocationInterceptorChain.java:37)
	at app//org.junit.jupiter.engine.execution.InterceptingExecutableInvoker.invoke(InterceptingExecutableInvoker.java:92)
	at app//org.junit.jupiter.engine.execution.InterceptingExecutableInvoker.invoke(InterceptingExecutableInvoker.java:86)
	at app//org.junit.jupiter.engine.descriptor.TestMethodTestDescriptor.lambda$invokeTestMethod$7(TestMethodTestDescriptor.java:217)
	at app//org.junit.platform.engine.support.hierarchical.ThrowableCollector.execute(ThrowableCollector.java:73)
	at app//org.junit.jupiter.engine.descriptor.TestMethodTestDescriptor.invokeTestMethod(TestMethodTestDescriptor.java:213)
	at app//org.junit.jupiter.engine.descriptor.TestMethodTestDescriptor.execute(TestMethodTestDescriptor.java:138)
	at app//org.junit.jupiter.engine.descriptor.TestMethodTestDescriptor.execute(TestMethodTestDescriptor.java:68)
	at app//org.junit.platform.engine.support.hierarchical.NodeTestTask.lambda$executeRecursively$6(NodeTestTask.java:151)
	at app//org.junit.platform.engine.support.hierarchical.ThrowableCollector.execute(ThrowableCollector.java:73)
	at app//org.junit.platform.engine.support.hierarchical.NodeTestTask.lambda$executeRecursively$8(NodeTestTask.java:141)
	at app//org.junit.platform.engine.support.hierarchical.Node.around(Node.java:137)
	at app//org.junit.platform.engine.support.hierarchical.NodeTestTask.lambda$executeRecursively$9(NodeTestTask.java:139)
	at app//org.junit.platform.engine.support.hierarchical.ThrowableCollector.execute(ThrowableCollector.java:73)
	at app//org.junit.platform.engine.support.hierarchical.NodeTestTask.executeRecursively(NodeTestTask.java:138)
	at app//org.junit.platform.engine.support.hierarchical.NodeTestTask.execute(NodeTestTask.java:95)
	at java.base@17.0.6/java.util.ArrayList.forEach(ArrayList.java:1511)
	at app//org.junit.platform.engine.support.hierarchical.SameThreadHierarchicalTestExecutorService.invokeAll(SameThreadHierarchicalTestExecutorService.java:41)
	at app//org.junit.platform.engine.support.hierarchical.NodeTestTask.lambda$executeRecursively$6(NodeTestTask.java:155)
	at app//org.junit.platform.engine.support.hierarchical.ThrowableCollector.execute(ThrowableCollector.java:73)
	at app//org.junit.platform.engine.support.hierarchical.NodeTestTask.lambda$executeRecursively$8(NodeTestTask.java:141)
	at app//org.junit.platform.engine.support.hierarchical.Node.around(Node.java:137)
	at app//org.junit.platform.engine.support.hierarchical.NodeTestTask.lambda$executeRecursively$9(NodeTestTask.java:139)
	at app//org.junit.platform.engine.support.hierarchical.ThrowableCollector.execute(ThrowableCollector.java:73)
	at app//org.junit.platform.engine.support.hierarchical.NodeTestTask.executeRecursively(NodeTestTask.java:138)
	at app//org.junit.platform.engine.support.hierarchical.NodeTestTask.execute(NodeTestTask.java:95)
	at java.base@17.0.6/java.util.ArrayList.forEach(ArrayList.java:1511)
	at app//org.junit.platform.engine.support.hierarchical.SameThreadHierarchicalTestExecutorService.invokeAll(SameThreadHierarchicalTestExecutorService.java:41)
	at app//org.junit.platform.engine.support.hierarchical.NodeTestTask.lambda$executeRecursively$6(NodeTestTask.java:155)
	at app//org.junit.platform.engine.support.hierarchical.ThrowableCollector.execute(ThrowableCollector.java:73)
	at app//org.junit.platform.engine.support.hierarchical.NodeTestTask.lambda$executeRecursively$8(NodeTestTask.java:141)
	at app//org.junit.platform.engine.support.hierarchical.Node.around(Node.java:137)
	at app//org.junit.platform.engine.support.hierarchical.NodeTestTask.lambda$executeRecursively$9(NodeTestTask.java:139)
	at app//org.junit.platform.engine.support.hierarchical.ThrowableCollector.execute(ThrowableCollector.java:73)
	at app//org.junit.platform.engine.support.hierarchical.NodeTestTask.executeRecursively(NodeTestTask.java:138)
	at app//org.junit.platform.engine.support.hierarchical.NodeTestTask.execute(NodeTestTask.java:95)
	at app//org.junit.platform.engine.support.hierarchical.SameThreadHierarchicalTestExecutorService.submit(SameThreadHierarchicalTestExecutorService.java:35)
	at app//org.junit.platform.engine.support.hierarchical.HierarchicalTestExecutor.execute(HierarchicalTestExecutor.java:57)
	at app//org.junit.platform.engine.support.hierarchical.HierarchicalTestEngine.execute(HierarchicalTestEngine.java:54)
	at app//org.junit.platform.launcher.core.EngineExecutionOrchestrator.execute(EngineExecutionOrchestrator.java:107)
	at app//org.junit.platform.launcher.core.EngineExecutionOrchestrator.execute(EngineExecutionOrchestrator.java:88)
	at app//org.junit.platform.launcher.core.EngineExecutionOrchestrator.lambda$execute$0(EngineExecutionOrchestrator.java:54)
	at app//org.junit.platform.launcher.core.EngineExecutionOrchestrator.withInterceptedStreams(EngineExecutionOrchestrator.java:67)
	at app//org.junit.platform.launcher.core.EngineExecutionOrchestrator.execute(EngineExecutionOrchestrator.java:52)
	at app//org.junit.platform.launcher.core.DefaultLauncher.execute(DefaultLauncher.java:114)
	at app//org.junit.platform.launcher.core.DefaultLauncher.execute(DefaultLauncher.java:86)
	at app//org.junit.platform.launcher.core.DefaultLauncherSession$DelegatingLauncher.execute(DefaultLauncherSession.java:86)
	at org.gradle.api.internal.tasks.testing.junitplatform.JUnitPlatformTestClassProcessor$CollectAllTestClassesExecutor.processAllTestClasses(JUnitPlatformTestClassProcessor.java:110)
	at org.gradle.api.internal.tasks.testing.junitplatform.JUnitPlatformTestClassProcessor$CollectAllTestClassesExecutor.access$000(JUnitPlatformTestClassProcessor.java:90)
	at org.gradle.api.internal.tasks.testing.junitplatform.JUnitPlatformTestClassProcessor.stop(JUnitPlatformTestClassProcessor.java:85)
	at org.gradle.api.internal.tasks.testing.SuiteTestClassProcessor.stop(SuiteTestClassProcessor.java:62)
	at java.base@17.0.6/jdk.internal.reflect.NativeMethodAccessorImpl.invoke0(Native Method)
	at java.base@17.0.6/jdk.internal.reflect.NativeMethodAccessorImpl.invoke(NativeMethodAccessorImpl.java:77)
	at java.base@17.0.6/jdk.internal.reflect.DelegatingMethodAccessorImpl.invoke(DelegatingMethodAccessorImpl.java:43)
	at java.base@17.0.6/java.lang.reflect.Method.invoke(Method.java:568)
	at org.gradle.internal.dispatch.ReflectionDispatch.dispatch(ReflectionDispatch.java:36)
	at org.gradle.internal.dispatch.ReflectionDispatch.dispatch(ReflectionDispatch.java:24)
	at org.gradle.internal.dispatch.ContextClassLoaderDispatch.dispatch(ContextClassLoaderDispatch.java:33)
	at org.gradle.internal.dispatch.ProxyDispatchAdapter$DispatchingInvocationHandler.invoke(ProxyDispatchAdapter.java:94)
	at jdk.proxy1/jdk.proxy1.$Proxy2.stop(Unknown Source)
	at org.gradle.api.internal.tasks.testing.worker.TestWorker$3.run(TestWorker.java:193)
	at org.gradle.api.internal.tasks.testing.worker.TestWorker.executeAndMaintainThreadName(TestWorker.java:129)
	at org.gradle.api.internal.tasks.testing.worker.TestWorker.execute(TestWorker.java:100)
	at org.gradle.api.internal.tasks.testing.worker.TestWorker.execute(TestWorker.java:60)
	at org.gradle.process.internal.worker.child.ActionExecutionWorker.execute(ActionExecutionWorker.java:56)
	at org.gradle.process.internal.worker.child.SystemApplicationClassLoaderWorker.call(SystemApplicationClassLoaderWorker.java:113)
	at org.gradle.process.internal.worker.child.SystemApplicationClassLoaderWorker.call(SystemApplicationClassLoaderWorker.java:65)
	at app//worker.org.gradle.process.internal.worker.GradleWorkerMain.run(GradleWorkerMain.java:69)
	at app//worker.org.gradle.process.internal.worker.GradleWorkerMain.main(GradleWorkerMain.java:74)
</failure>
  </testcase>
  <testcase name="회원 가입 테스트" classname="com.empiezo.empiezo.service.UserServiceTest" time="0.113">
    <failure message="org.opentest4j.AssertionFailedError: expected: &lt;1&gt; but was: &lt;2&gt;" type="org.opentest4j.AssertionFailedError">org.opentest4j.AssertionFailedError: expected: &lt;1&gt; but was: &lt;2&gt;
	at app//org.junit.jupiter.api.AssertionFailureBuilder.build(AssertionFailureBuilder.java:151)
	at app//org.junit.jupiter.api.AssertionFailureBuilder.buildAndThrow(AssertionFailureBuilder.java:132)
	at app//org.junit.jupiter.api.AssertEquals.failNotEqual(AssertEquals.java:197)
	at app//org.junit.jupiter.api.AssertEquals.assertEquals(AssertEquals.java:166)
	at app//org.junit.jupiter.api.AssertEquals.assertEquals(AssertEquals.java:161)
	at app//org.junit.jupiter.api.Assertions.assertEquals(Assertions.java:629)
	at app//com.empiezo.empiezo.service.UserServiceTest.memberJoinTest(UserServiceTest.java:49)
	at java.base@17.0.6/jdk.internal.reflect.NativeMethodAccessorImpl.invoke0(Native Method)
	at java.base@17.0.6/jdk.internal.reflect.NativeMethodAccessorImpl.invoke(NativeMethodAccessorImpl.java:77)
	at java.base@17.0.6/jdk.internal.reflect.DelegatingMethodAccessorImpl.invoke(DelegatingMethodAccessorImpl.java:43)
	at java.base@17.0.6/java.lang.reflect.Method.invoke(Method.java:568)
	at app//org.junit.platform.commons.util.ReflectionUtils.invokeMethod(ReflectionUtils.java:727)
	at app//org.junit.jupiter.engine.execution.MethodInvocation.proceed(MethodInvocation.java:60)
	at app//org.junit.jupiter.engine.execution.InvocationInterceptorChain$ValidatingInvocation.proceed(InvocationInterceptorChain.java:131)
	at app//org.junit.jupiter.engine.extension.TimeoutExtension.intercept(TimeoutExtension.java:156)
	at app//org.junit.jupiter.engine.extension.TimeoutExtension.interceptTestableMethod(TimeoutExtension.java:147)
	at app//org.junit.jupiter.engine.extension.TimeoutExtension.interceptTestMethod(TimeoutExtension.java:86)
	at app//org.junit.jupiter.engine.execution.InterceptingExecutableInvoker$ReflectiveInterceptorCall.lambda$ofVoidMethod$0(InterceptingExecutableInvoker.java:103)
	at app//org.junit.jupiter.engine.execution.InterceptingExecutableInvoker.lambda$invoke$0(InterceptingExecutableInvoker.java:93)
	at app//org.junit.jupiter.engine.execution.InvocationInterceptorChain$InterceptedInvocation.proceed(InvocationInterceptorChain.java:106)
	at app//org.junit.jupiter.engine.execution.InvocationInterceptorChain.proceed(InvocationInterceptorChain.java:64)
	at app//org.junit.jupiter.engine.execution.InvocationInterceptorChain.chainAndInvoke(InvocationInterceptorChain.java:45)
	at app//org.junit.jupiter.engine.execution.InvocationInterceptorChain.invoke(InvocationInterceptorChain.java:37)
	at app//org.junit.jupiter.engine.execution.InterceptingExecutableInvoker.invoke(InterceptingExecutableInvoker.java:92)
	at app//org.junit.jupiter.engine.execution.InterceptingExecutableInvoker.invoke(InterceptingExecutableInvoker.java:86)
	at app//org.junit.jupiter.engine.descriptor.TestMethodTestDescriptor.lambda$invokeTestMethod$7(TestMethodTestDescriptor.java:217)
	at app//org.junit.platform.engine.support.hierarchical.ThrowableCollector.execute(ThrowableCollector.java:73)
	at app//org.junit.jupiter.engine.descriptor.TestMethodTestDescriptor.invokeTestMethod(TestMethodTestDescriptor.java:213)
	at app//org.junit.jupiter.engine.descriptor.TestMethodTestDescriptor.execute(TestMethodTestDescriptor.java:138)
	at app//org.junit.jupiter.engine.descriptor.TestMethodTestDescriptor.execute(TestMethodTestDescriptor.java:68)
	at app//org.junit.platform.engine.support.hierarchical.NodeTestTask.lambda$executeRecursively$6(NodeTestTask.java:151)
	at app//org.junit.platform.engine.support.hierarchical.ThrowableCollector.execute(ThrowableCollector.java:73)
	at app//org.junit.platform.engine.support.hierarchical.NodeTestTask.lambda$executeRecursively$8(NodeTestTask.java:141)
	at app//org.junit.platform.engine.support.hierarchical.Node.around(Node.java:137)
	at app//org.junit.platform.engine.support.hierarchical.NodeTestTask.lambda$executeRecursively$9(NodeTestTask.java:139)
	at app//org.junit.platform.engine.support.hierarchical.ThrowableCollector.execute(ThrowableCollector.java:73)
	at app//org.junit.platform.engine.support.hierarchical.NodeTestTask.executeRecursively(NodeTestTask.java:138)
	at app//org.junit.platform.engine.support.hierarchical.NodeTestTask.execute(NodeTestTask.java:95)
	at java.base@17.0.6/java.util.ArrayList.forEach(ArrayList.java:1511)
	at app//org.junit.platform.engine.support.hierarchical.SameThreadHierarchicalTestExecutorService.invokeAll(SameThreadHierarchicalTestExecutorService.java:41)
	at app//org.junit.platform.engine.support.hierarchical.NodeTestTask.lambda$executeRecursively$6(NodeTestTask.java:155)
	at app//org.junit.platform.engine.support.hierarchical.ThrowableCollector.execute(ThrowableCollector.java:73)
	at app//org.junit.platform.engine.support.hierarchical.NodeTestTask.lambda$executeRecursively$8(NodeTestTask.java:141)
	at app//org.junit.platform.engine.support.hierarchical.Node.around(Node.java:137)
	at app//org.junit.platform.engine.support.hierarchical.NodeTestTask.lambda$executeRecursively$9(NodeTestTask.java:139)
	at app//org.junit.platform.engine.support.hierarchical.ThrowableCollector.execute(ThrowableCollector.java:73)
	at app//org.junit.platform.engine.support.hierarchical.NodeTestTask.executeRecursively(NodeTestTask.java:138)
	at app//org.junit.platform.engine.support.hierarchical.NodeTestTask.execute(NodeTestTask.java:95)
	at java.base@17.0.6/java.util.ArrayList.forEach(ArrayList.java:1511)
	at app//org.junit.platform.engine.support.hierarchical.SameThreadHierarchicalTestExecutorService.invokeAll(SameThreadHierarchicalTestExecutorService.java:41)
	at app//org.junit.platform.engine.support.hierarchical.NodeTestTask.lambda$executeRecursively$6(NodeTestTask.java:155)
	at app//org.junit.platform.engine.support.hierarchical.ThrowableCollector.execute(ThrowableCollector.java:73)
	at app//org.junit.platform.engine.support.hierarchical.NodeTestTask.lambda$executeRecursively$8(NodeTestTask.java:141)
	at app//org.junit.platform.engine.support.hierarchical.Node.around(Node.java:137)
	at app//org.junit.platform.engine.support.hierarchical.NodeTestTask.lambda$executeRecursively$9(NodeTestTask.java:139)
	at app//org.junit.platform.engine.support.hierarchical.ThrowableCollector.execute(ThrowableCollector.java:73)
	at app//org.junit.platform.engine.support.hierarchical.NodeTestTask.executeRecursively(NodeTestTask.java:138)
	at app//org.junit.platform.engine.support.hierarchical.NodeTestTask.execute(NodeTestTask.java:95)
	at app//org.junit.platform.engine.support.hierarchical.SameThreadHierarchicalTestExecutorService.submit(SameThreadHierarchicalTestExecutorService.java:35)
	at app//org.junit.platform.engine.support.hierarchical.HierarchicalTestExecutor.execute(HierarchicalTestExecutor.java:57)
	at app//org.junit.platform.engine.support.hierarchical.HierarchicalTestEngine.execute(HierarchicalTestEngine.java:54)
	at app//org.junit.platform.launcher.core.EngineExecutionOrchestrator.execute(EngineExecutionOrchestrator.java:107)
	at app//org.junit.platform.launcher.core.EngineExecutionOrchestrator.execute(EngineExecutionOrchestrator.java:88)
	at app//org.junit.platform.launcher.core.EngineExecutionOrchestrator.lambda$execute$0(EngineExecutionOrchestrator.java:54)
	at app//org.junit.platform.launcher.core.EngineExecutionOrchestrator.withInterceptedStreams(EngineExecutionOrchestrator.java:67)
	at app//org.junit.platform.launcher.core.EngineExecutionOrchestrator.execute(EngineExecutionOrchestrator.java:52)
	at app//org.junit.platform.launcher.core.DefaultLauncher.execute(DefaultLauncher.java:114)
	at app//org.junit.platform.launcher.core.DefaultLauncher.execute(DefaultLauncher.java:86)
	at app//org.junit.platform.launcher.core.DefaultLauncherSession$DelegatingLauncher.execute(DefaultLauncherSession.java:86)
	at org.gradle.api.internal.tasks.testing.junitplatform.JUnitPlatformTestClassProcessor$CollectAllTestClassesExecutor.processAllTestClasses(JUnitPlatformTestClassProcessor.java:110)
	at org.gradle.api.internal.tasks.testing.junitplatform.JUnitPlatformTestClassProcessor$CollectAllTestClassesExecutor.access$000(JUnitPlatformTestClassProcessor.java:90)
	at org.gradle.api.internal.tasks.testing.junitplatform.JUnitPlatformTestClassProcessor.stop(JUnitPlatformTestClassProcessor.java:85)
	at org.gradle.api.internal.tasks.testing.SuiteTestClassProcessor.stop(SuiteTestClassProcessor.java:62)
	at java.base@17.0.6/jdk.internal.reflect.NativeMethodAccessorImpl.invoke0(Native Method)
	at java.base@17.0.6/jdk.internal.reflect.NativeMethodAccessorImpl.invoke(NativeMethodAccessorImpl.java:77)
	at java.base@17.0.6/jdk.internal.reflect.DelegatingMethodAccessorImpl.invoke(DelegatingMethodAccessorImpl.java:43)
	at java.base@17.0.6/java.lang.reflect.Method.invoke(Method.java:568)
	at org.gradle.internal.dispatch.ReflectionDispatch.dispatch(ReflectionDispatch.java:36)
	at org.gradle.internal.dispatch.ReflectionDispatch.dispatch(ReflectionDispatch.java:24)
	at org.gradle.internal.dispatch.ContextClassLoaderDispatch.dispatch(ContextClassLoaderDispatch.java:33)
	at org.gradle.internal.dispatch.ProxyDispatchAdapter$DispatchingInvocationHandler.invoke(ProxyDispatchAdapter.java:94)
	at jdk.proxy1/jdk.proxy1.$Proxy2.stop(Unknown Source)
	at org.gradle.api.internal.tasks.testing.worker.TestWorker$3.run(TestWorker.java:193)
	at org.gradle.api.internal.tasks.testing.worker.TestWorker.executeAndMaintainThreadName(TestWorker.java:129)
	at org.gradle.api.internal.tasks.testing.worker.TestWorker.execute(TestWorker.java:100)
	at org.gradle.api.internal.tasks.testing.worker.TestWorker.execute(TestWorker.java:60)
	at org.gradle.process.internal.worker.child.ActionExecutionWorker.execute(ActionExecutionWorker.java:56)
	at org.gradle.process.internal.worker.child.SystemApplicationClassLoaderWorker.call(SystemApplicationClassLoaderWorker.java:113)
	at org.gradle.process.internal.worker.child.SystemApplicationClassLoaderWorker.call(SystemApplicationClassLoaderWorker.java:65)
	at app//worker.org.gradle.process.internal.worker.GradleWorkerMain.run(GradleWorkerMain.java:69)
	at app//worker.org.gradle.process.internal.worker.GradleWorkerMain.main(GradleWorkerMain.java:74)
</failure>
  </testcase>
  <testcase name="회원 목록 조회" classname="com.empiezo.empiezo.service.UserServiceTest" time="0.039"/>
  <system-out><![CDATA[10:17:39.035 [Test worker] INFO org.springframework.test.context.support.AnnotationConfigContextLoaderUtils -- Could not detect default configuration classes for test class [com.empiezo.empiezo.service.UserServiceTest]: UserServiceTest does not declare any static, non-private, non-final, nested classes annotated with @Configuration.
10:17:39.081 [Test worker] INFO org.springframework.boot.test.context.SpringBootTestContextBootstrapper -- Found @SpringBootConfiguration com.empiezo.empiezo.EmpiezoApplication for test class com.empiezo.empiezo.service.UserServiceTest

  .   ____          _            __ _ _
 /\\ / ___'_ __ _ _(_)_ __  __ _ \ \ \ \
( ( )\___ | '_ | '_| | '_ \/ _` | \ \ \ \
 \\/  ___)| |_)| | | | | || (_| |  ) ) ) )
  '  |____| .__|_| |_|_| |_\__, | / / / /
 =========|_|==============|___/=/_/_/_/
 :: Spring Boot ::                (v3.1.2)

2023-09-21T10:17:39.262+09:00  INFO 24785 --- [    Test worker] c.e.empiezo.service.UserServiceTest      : Starting UserServiceTest using Java 17.0.6 with PID 24785 (started by pedro in /Users/pedro/study/empiezo)
2023-09-21T10:17:39.263+09:00  INFO 24785 --- [    Test worker] c.e.empiezo.service.UserServiceTest      : No active profile set, falling back to 1 default profile: "default"
2023-09-21T10:17:39.730+09:00  INFO 24785 --- [    Test worker] .s.d.r.c.RepositoryConfigurationDelegate : Bootstrapping Spring Data JPA repositories in DEFAULT mode.
2023-09-21T10:17:39.760+09:00  INFO 24785 --- [    Test worker] .s.d.r.c.RepositoryConfigurationDelegate : Finished Spring Data repository scanning in 26 ms. Found 4 JPA repository interfaces.
2023-09-21T10:17:40.009+09:00  INFO 24785 --- [    Test worker] o.hibernate.jpa.internal.util.LogHelper  : HHH000204: Processing PersistenceUnitInfo [name: default]
2023-09-21T10:17:40.034+09:00  INFO 24785 --- [    Test worker] org.hibernate.Version                    : HHH000412: Hibernate ORM core version 6.2.6.Final
2023-09-21T10:17:40.035+09:00  INFO 24785 --- [    Test worker] org.hibernate.cfg.Environment            : HHH000406: Using bytecode reflection optimizer
2023-09-21T10:17:40.095+09:00  INFO 24785 --- [    Test worker] o.h.b.i.BytecodeProviderInitiator        : HHH000021: Bytecode provider name : bytebuddy
2023-09-21T10:17:40.155+09:00  INFO 24785 --- [    Test worker] o.s.o.j.p.SpringPersistenceUnitInfo      : No LoadTimeWeaver setup: ignoring JPA class transformer
2023-09-21T10:17:40.163+09:00  INFO 24785 --- [    Test worker] com.zaxxer.hikari.HikariDataSource       : HikariPool-1 - Starting...
2023-09-21T10:17:40.250+09:00  INFO 24785 --- [    Test worker] com.zaxxer.hikari.pool.HikariPool        : HikariPool-1 - Added connection conn0: url=jdbc:h2:mem:testdb user=SA
2023-09-21T10:17:40.252+09:00  INFO 24785 --- [    Test worker] com.zaxxer.hikari.HikariDataSource       : HikariPool-1 - Start completed.
2023-09-21T10:17:40.386+09:00  INFO 24785 --- [    Test worker] o.h.b.i.BytecodeProviderInitiator        : HHH000021: Bytecode provider name : bytebuddy
2023-09-21T10:17:40.711+09:00  INFO 24785 --- [    Test worker] o.h.e.t.j.p.i.JtaPlatformInitiator       : HHH000490: Using JtaPlatform implementation: [org.hibernate.engine.transaction.jta.platform.internal.NoJtaPlatform]
2023-09-21T10:17:40.717+09:00 DEBUG 24785 --- [    Test worker] org.hibernate.SQL                        : 
    drop table if exists comment cascade 
2023-09-21T10:17:40.719+09:00 DEBUG 24785 --- [    Test worker] org.hibernate.SQL                        : 
    drop table if exists likes cascade 
2023-09-21T10:17:40.719+09:00 DEBUG 24785 --- [    Test worker] org.hibernate.SQL                        : 
    drop table if exists post cascade 
2023-09-21T10:17:40.719+09:00 DEBUG 24785 --- [    Test worker] org.hibernate.SQL                        : 
    drop table if exists users cascade 
2023-09-21T10:17:40.721+09:00 DEBUG 24785 --- [    Test worker] org.hibernate.SQL                        : 
    create table comment (
        id bigint generated by default as identity,
        post_id bigint,
        user_id bigint,
        content varchar(255) not null,
        created_date varchar(255),
        modified_date varchar(255),
        username varchar(255) not null,
        writer varchar(255) not null,
        primary key (id)
    )
2023-09-21T10:17:40.724+09:00 DEBUG 24785 --- [    Test worker] org.hibernate.SQL                        : 
    create table likes (
        id bigint generated by default as identity,
        post_id bigint,
        user_id bigint,
        primary key (id)
    )
2023-09-21T10:17:40.725+09:00 DEBUG 24785 --- [    Test worker] org.hibernate.SQL                        : 
    create table post (
        views integer default 0 not null,
        id bigint generated by default as identity,
        user_id bigint,
        created_date varchar(255),
        is_delete varchar(255) not null check (is_delete in ('TRUE','FALSE')),
        is_secret VARCHAR(10) DEFAULT 'FALSE' check (is_secret in ('TRUE','FALSE')),
        modified_date varchar(255),
        title varchar(255) not null,
        username varchar(255) not null,
        writer varchar(255) not null,
        content clob,
        primary key (id)
    )
2023-09-21T10:17:40.728+09:00 DEBUG 24785 --- [    Test worker] org.hibernate.SQL                        : 
    create table users (
        id bigint generated by default as identity,
        username varchar(30) not null unique,
        email varchar(50) not null unique,
        password varchar(100) not null,
        is_deleted varchar(255) not null check (is_deleted in ('TRUE','FALSE')),
        is_social varchar(255) not null check (is_social in ('TRUE','FALSE')),
        nickname varchar(255) not null unique,
        role varchar(255) check (role in ('ROLE_ADMIN','ROLE_USER')),
        primary key (id)
    )
2023-09-21T10:17:40.730+09:00 DEBUG 24785 --- [    Test worker] org.hibernate.SQL                        : 
    alter table if exists comment 
       add constraint FKs1slvnkuemjsq2kj4h3vhx7i1 
       foreign key (post_id) 
       references post
2023-09-21T10:17:40.734+09:00 DEBUG 24785 --- [    Test worker] org.hibernate.SQL                        : 
    alter table if exists comment 
       add constraint FKqm52p1v3o13hy268he0wcngr5 
       foreign key (user_id) 
       references users
2023-09-21T10:17:40.735+09:00 DEBUG 24785 --- [    Test worker] org.hibernate.SQL                        : 
    alter table if exists likes 
       add constraint FKowd6f4s7x9f3w50pvlo6x3b41 
       foreign key (post_id) 
       references post
2023-09-21T10:17:40.736+09:00 DEBUG 24785 --- [    Test worker] org.hibernate.SQL                        : 
    alter table if exists likes 
       add constraint FKnvx9seeqqyy71bij291pwiwrg 
       foreign key (user_id) 
       references users
2023-09-21T10:17:40.737+09:00 DEBUG 24785 --- [    Test worker] org.hibernate.SQL                        : 
    alter table if exists post 
       add constraint FK7ky67sgi7k0ayf22652f7763r 
       foreign key (user_id) 
       references users
2023-09-21T10:17:40.739+09:00  INFO 24785 --- [    Test worker] j.LocalContainerEntityManagerFactoryBean : Initialized JPA EntityManagerFactory for persistence unit 'default'
2023-09-21T10:17:40.925+09:00  INFO 24785 --- [    Test worker] o.s.d.j.r.query.QueryEnhancerFactory     : Hibernate is in classpath; If applicable, HQL parser will be used.
2023-09-21T10:17:41.204+09:00  WARN 24785 --- [    Test worker] JpaBaseConfiguration$JpaWebConfiguration : spring.jpa.open-in-view is enabled by default. Therefore, database queries may be performed during view rendering. Explicitly configure spring.jpa.open-in-view to disable this warning
2023-09-21T10:17:41.295+09:00  INFO 24785 --- [    Test worker] o.s.s.web.DefaultSecurityFilterChain     : Will secure any request with [org.springframework.security.web.session.DisableEncodeUrlFilter@2a59a8fe, org.springframework.security.web.context.request.async.WebAsyncManagerIntegrationFilter@43baf0b9, org.springframework.security.web.context.SecurityContextHolderFilter@6f9d1785, org.springframework.security.web.header.HeaderWriterFilter@2778f3d1, org.springframework.security.web.authentication.logout.LogoutFilter@7d1cdebf, org.springframework.security.oauth2.client.web.OAuth2AuthorizationRequestRedirectFilter@5fc3bf09, org.springframework.security.oauth2.client.web.OAuth2LoginAuthenticationFilter@69f01f4b, org.springframework.security.web.authentication.UsernamePasswordAuthenticationFilter@68553e92, org.springframework.security.web.savedrequest.RequestCacheAwareFilter@25ea3a5f, org.springframework.security.web.servletapi.SecurityContextHolderAwareRequestFilter@5503e208, org.springframework.security.web.authentication.AnonymousAuthenticationFilter@653e79fc, org.springframework.security.web.access.ExceptionTranslationFilter@7e64b248, org.springframework.security.web.access.intercept.AuthorizationFilter@13eb8ca]
2023-09-21T10:17:41.297+09:00  WARN 24785 --- [    Test worker] o.s.s.c.a.web.builders.WebSecurity       : You are asking Spring Security to ignore Ant [pattern='/js/**']. This is not recommended -- please use permitAll via HttpSecurity#authorizeHttpRequests instead.
2023-09-21T10:17:41.297+09:00  INFO 24785 --- [    Test worker] o.s.s.web.DefaultSecurityFilterChain     : Will not secure Ant [pattern='/js/**']
2023-09-21T10:17:41.297+09:00  WARN 24785 --- [    Test worker] o.s.s.c.a.web.builders.WebSecurity       : You are asking Spring Security to ignore Ant [pattern='/css/**']. This is not recommended -- please use permitAll via HttpSecurity#authorizeHttpRequests instead.
2023-09-21T10:17:41.297+09:00  INFO 24785 --- [    Test worker] o.s.s.web.DefaultSecurityFilterChain     : Will not secure Ant [pattern='/css/**']
2023-09-21T10:17:41.297+09:00  WARN 24785 --- [    Test worker] o.s.s.c.a.web.builders.WebSecurity       : You are asking Spring Security to ignore Ant [pattern='/h2-console/**']. This is not recommended -- please use permitAll via HttpSecurity#authorizeHttpRequests instead.
2023-09-21T10:17:41.297+09:00  INFO 24785 --- [    Test worker] o.s.s.web.DefaultSecurityFilterChain     : Will not secure Ant [pattern='/h2-console/**']
2023-09-21T10:17:41.298+09:00  WARN 24785 --- [    Test worker] o.s.s.c.a.web.builders.WebSecurity       : You are asking Spring Security to ignore Ant [pattern='/error']. This is not recommended -- please use permitAll via HttpSecurity#authorizeHttpRequests instead.
2023-09-21T10:17:41.298+09:00  INFO 24785 --- [    Test worker] o.s.s.web.DefaultSecurityFilterChain     : Will not secure Ant [pattern='/error']
2023-09-21T10:17:41.298+09:00  WARN 24785 --- [    Test worker] o.s.s.c.a.web.builders.WebSecurity       : You are asking Spring Security to ignore Ant [pattern='/swagger-ui.html']. This is not recommended -- please use permitAll via HttpSecurity#authorizeHttpRequests instead.
2023-09-21T10:17:41.298+09:00  INFO 24785 --- [    Test worker] o.s.s.web.DefaultSecurityFilterChain     : Will not secure Ant [pattern='/swagger-ui.html']
2023-09-21T10:17:41.719+09:00  INFO 24785 --- [    Test worker] c.e.empiezo.service.UserServiceTest      : Started UserServiceTest in 2.577 seconds (process running for 3.055)
2023-09-21T10:17:42.014+09:00 DEBUG 24785 --- [    Test worker] org.hibernate.SQL                        : 
    /* insert for
        com.empiezo.empiezo.domain.User */insert 
    into
        users (email,is_deleted,is_social,nickname,password,role,username,id) 
    values
        (?,?,?,?,?,?,?,default)
2023-09-21T10:17:42.069+09:00 DEBUG 24785 --- [    Test worker] org.hibernate.SQL                        : 
    /* select
        count(*) 
    from
        User x */ select
            count(*) 
        from
            users u1_0
2023-09-21T10:17:42.098+09:00 DEBUG 24785 --- [    Test worker] org.hibernate.SQL                        : 
    /* <criteria> */ select
        u1_0.id 
    from
        users u1_0 
    where
        u1_0.nickname=? fetch first ? rows only
2023-09-21T10:17:42.100+09:00 DEBUG 24785 --- [    Test worker] org.hibernate.SQL                        : 
    /* <criteria> */ select
        u1_0.id 
    from
        users u1_0 
    where
        u1_0.email=? fetch first ? rows only
2023-09-21T10:17:42.100+09:00 DEBUG 24785 --- [    Test worker] org.hibernate.SQL                        : 
    /* <criteria> */ select
        u1_0.id 
    from
        users u1_0 
    where
        u1_0.username=? fetch first ? rows only
2023-09-21T10:17:42.192+09:00 DEBUG 24785 --- [    Test worker] org.hibernate.SQL                        : 
    /* insert for
        com.empiezo.empiezo.domain.User */insert 
    into
        users (email,is_deleted,is_social,nickname,password,role,username,id) 
    values
        (?,?,?,?,?,?,?,default)
2023-09-21T10:17:42.193+09:00 DEBUG 24785 --- [    Test worker] org.hibernate.SQL                        : 
    /* select
        count(*) 
    from
        User x */ select
            count(*) 
        from
            users u1_0
2023-09-21T10:17:42.199+09:00 DEBUG 24785 --- [    Test worker] org.hibernate.SQL                        : 
    /* insert for
        com.empiezo.empiezo.domain.User */insert 
    into
        users (email,is_deleted,is_social,nickname,password,role,username,id) 
    values
        (?,?,?,?,?,?,?,default)
2023-09-21T10:17:42.200+09:00 DEBUG 24785 --- [    Test worker] org.hibernate.SQL                        : 
    /* insert for
        com.empiezo.empiezo.domain.User */insert 
    into
        users (email,is_deleted,is_social,nickname,password,role,username,id) 
    values
        (?,?,?,?,?,?,?,default)
2023-09-21T10:17:42.201+09:00 DEBUG 24785 --- [    Test worker] org.hibernate.SQL                        : 
    /* insert for
        com.empiezo.empiezo.domain.User */insert 
    into
        users (email,is_deleted,is_social,nickname,password,role,username,id) 
    values
        (?,?,?,?,?,?,?,default)
2023-09-21T10:17:42.202+09:00 DEBUG 24785 --- [    Test worker] org.hibernate.SQL                        : 
    /* insert for
        com.empiezo.empiezo.domain.User */insert 
    into
        users (email,is_deleted,is_social,nickname,password,role,username,id) 
    values
        (?,?,?,?,?,?,?,default)
2023-09-21T10:17:42.203+09:00 DEBUG 24785 --- [    Test worker] org.hibernate.SQL                        : 
    /* insert for
        com.empiezo.empiezo.domain.User */insert 
    into
        users (email,is_deleted,is_social,nickname,password,role,username,id) 
    values
        (?,?,?,?,?,?,?,default)
2023-09-21T10:17:42.203+09:00 DEBUG 24785 --- [    Test worker] org.hibernate.SQL                        : 
    /* insert for
        com.empiezo.empiezo.domain.User */insert 
    into
        users (email,is_deleted,is_social,nickname,password,role,username,id) 
    values
        (?,?,?,?,?,?,?,default)
2023-09-21T10:17:42.204+09:00 DEBUG 24785 --- [    Test worker] org.hibernate.SQL                        : 
    /* insert for
        com.empiezo.empiezo.domain.User */insert 
    into
        users (email,is_deleted,is_social,nickname,password,role,username,id) 
    values
        (?,?,?,?,?,?,?,default)
2023-09-21T10:17:42.205+09:00 DEBUG 24785 --- [    Test worker] org.hibernate.SQL                        : 
    /* insert for
        com.empiezo.empiezo.domain.User */insert 
    into
        users (email,is_deleted,is_social,nickname,password,role,username,id) 
    values
        (?,?,?,?,?,?,?,default)
2023-09-21T10:17:42.206+09:00 DEBUG 24785 --- [    Test worker] org.hibernate.SQL                        : 
    /* insert for
        com.empiezo.empiezo.domain.User */insert 
    into
        users (email,is_deleted,is_social,nickname,password,role,username,id) 
    values
        (?,?,?,?,?,?,?,default)
2023-09-21T10:17:42.206+09:00 DEBUG 24785 --- [    Test worker] org.hibernate.SQL                        : 
    /* insert for
        com.empiezo.empiezo.domain.User */insert 
    into
        users (email,is_deleted,is_social,nickname,password,role,username,id) 
    values
        (?,?,?,?,?,?,?,default)
2023-09-21T10:17:42.207+09:00 DEBUG 24785 --- [    Test worker] org.hibernate.SQL                        : 
    /* insert for
        com.empiezo.empiezo.domain.User */insert 
    into
        users (email,is_deleted,is_social,nickname,password,role,username,id) 
    values
        (?,?,?,?,?,?,?,default)
2023-09-21T10:17:42.207+09:00 DEBUG 24785 --- [    Test worker] org.hibernate.SQL                        : 
    /* insert for
        com.empiezo.empiezo.domain.User */insert 
    into
        users (email,is_deleted,is_social,nickname,password,role,username,id) 
    values
        (?,?,?,?,?,?,?,default)
2023-09-21T10:17:42.208+09:00 DEBUG 24785 --- [    Test worker] org.hibernate.SQL                        : 
    /* insert for
        com.empiezo.empiezo.domain.User */insert 
    into
        users (email,is_deleted,is_social,nickname,password,role,username,id) 
    values
        (?,?,?,?,?,?,?,default)
2023-09-21T10:17:42.208+09:00 DEBUG 24785 --- [    Test worker] org.hibernate.SQL                        : 
    /* insert for
        com.empiezo.empiezo.domain.User */insert 
    into
        users (email,is_deleted,is_social,nickname,password,role,username,id) 
    values
        (?,?,?,?,?,?,?,default)
2023-09-21T10:17:42.209+09:00 DEBUG 24785 --- [    Test worker] org.hibernate.SQL                        : 
    /* insert for
        com.empiezo.empiezo.domain.User */insert 
    into
        users (email,is_deleted,is_social,nickname,password,role,username,id) 
    values
        (?,?,?,?,?,?,?,default)
2023-09-21T10:17:42.210+09:00 DEBUG 24785 --- [    Test worker] org.hibernate.SQL                        : 
    /* insert for
        com.empiezo.empiezo.domain.User */insert 
    into
        users (email,is_deleted,is_social,nickname,password,role,username,id) 
    values
        (?,?,?,?,?,?,?,default)
2023-09-21T10:17:42.211+09:00 DEBUG 24785 --- [    Test worker] org.hibernate.SQL                        : 
    /* insert for
        com.empiezo.empiezo.domain.User */insert 
    into
        users (email,is_deleted,is_social,nickname,password,role,username,id) 
    values
        (?,?,?,?,?,?,?,default)
2023-09-21T10:17:42.211+09:00 DEBUG 24785 --- [    Test worker] org.hibernate.SQL                        : 
    /* insert for
        com.empiezo.empiezo.domain.User */insert 
    into
        users (email,is_deleted,is_social,nickname,password,role,username,id) 
    values
        (?,?,?,?,?,?,?,default)
2023-09-21T10:17:42.212+09:00 DEBUG 24785 --- [    Test worker] org.hibernate.SQL                        : 
    /* insert for
        com.empiezo.empiezo.domain.User */insert 
    into
        users (email,is_deleted,is_social,nickname,password,role,username,id) 
    values
        (?,?,?,?,?,?,?,default)
2023-09-21T10:17:42.213+09:00 DEBUG 24785 --- [    Test worker] org.hibernate.SQL                        : 
    /* insert for
        com.empiezo.empiezo.domain.User */insert 
    into
        users (email,is_deleted,is_social,nickname,password,role,username,id) 
    values
        (?,?,?,?,?,?,?,default)
2023-09-21T10:17:42.221+09:00 DEBUG 24785 --- [    Test worker] org.hibernate.SQL                        : 
    /* <criteria> */ select
        u1_0.id,
        u1_0.email,
        u1_0.is_deleted,
        u1_0.is_social,
        u1_0.nickname,
        u1_0.password,
        u1_0.role,
        u1_0.username 
    from
        users u1_0 
    where
        u1_0.is_deleted=? offset ? rows fetch first ? rows only
2023-09-21T10:17:42.231+09:00 DEBUG 24785 --- [    Test worker] org.hibernate.SQL                        : 
    /* <criteria> */ select
        count(u1_0.id) 
    from
        users u1_0 
    where
        u1_0.is_deleted=?
]]></system-out>
  <system-err><![CDATA[]]></system-err>
</testsuite>
